2022-01-23 14:49:42,611 [Worker-4: Loading available Gradle versions] INFO  o.e.b.c.i.u.g.PublishedGradleVersions - Gradle version information cache is not available. Remote download required.
2022-01-23 15:20:45,174 [Worker-4: Loading available Gradle versions] INFO  o.e.b.c.i.u.g.PublishedGradleVersions - Gradle version information cache is up-to-date. Trying to read.
2022-01-23 15:23:44,362 [Worker-2: Loading available Gradle versions] INFO  o.e.b.c.i.u.g.PublishedGradleVersions - Gradle version information cache is up-to-date. Trying to read.
2022-01-23 15:25:47,146 [Worker-3: Creating project "sampleProject"] INFO  o.e.m.c.i.e.AbstractTransferListenerAdapter - Downloading https://repo.maven.apache.org/maven2/org/apache/maven/plugins/maven-site-plugin/3.3/maven-site-plugin-3.3.jar
2022-01-23 15:25:48,015 [Worker-3: Creating project "sampleProject"] INFO  o.e.m.c.i.e.AbstractTransferListenerAdapter - Downloaded https://repo.maven.apache.org/maven2/org/apache/maven/plugins/maven-site-plugin/3.3/maven-site-plugin-3.3.jar
2022-01-23 15:25:50,456 [Worker-3: Creating project "sampleProject"] INFO  o.e.m.c.i.l.LifecycleMappingFactory - Using org.eclipse.m2e.jdt.JarLifecycleMapping lifecycle mapping for MavenProject: com.simple.pom:sampleProject:0.0.1-SNAPSHOT @ F:\clipseprograms\sampleProject\pom.xml.
2022-01-23 15:25:51,568 [Worker-3: Creating project "sampleProject"] INFO  o.e.m.j.i.AbstractJavaProjectConfigurator - Adding source folder /sampleProject/src/main/java
2022-01-23 15:25:51,571 [Worker-3: Creating project "sampleProject"] INFO  o.e.m.j.i.AbstractJavaProjectConfigurator - Adding resource folder /sampleProject/src/main/resources
2022-01-23 15:25:51,573 [Worker-3: Creating project "sampleProject"] INFO  o.e.m.j.i.AbstractJavaProjectConfigurator - Adding source folder /sampleProject/src/test/java
2022-01-23 15:25:51,573 [Worker-3: Creating project "sampleProject"] INFO  o.e.m.j.i.AbstractJavaProjectConfigurator - Adding resource folder /sampleProject/src/test/resources
2022-01-23 15:25:53,560 [Worker-4: Building] WARN  o.e.m.c.i.embedder.EclipseLogger - Using platform encoding (Cp1252 actually) to copy filtered resources, i.e. build is platform dependent!
2022-01-23 15:25:53,567 [Worker-4: Building] INFO  o.e.m.c.i.embedder.EclipseLogger - Copying 0 resource
2022-01-23 15:25:53,571 [Worker-4: Building] WARN  o.e.m.c.i.embedder.EclipseLogger - Using platform encoding (Cp1252 actually) to copy filtered resources, i.e. build is platform dependent!
2022-01-23 15:25:53,574 [Worker-4: Building] INFO  o.e.m.c.i.embedder.EclipseLogger - Copying 0 resource
2022-01-23 15:28:39,236 [Worker-4: Building] WARN  o.e.m.c.i.embedder.EclipseLogger - Using platform encoding (Cp1252 actually) to copy filtered resources, i.e. build is platform dependent!
2022-01-23 15:28:39,268 [Worker-4: Building] INFO  o.e.m.c.i.embedder.EclipseLogger - Copying 0 resource
2022-01-23 15:28:39,269 [Worker-4: Building] WARN  o.e.m.c.i.embedder.EclipseLogger - Using platform encoding (Cp1252 actually) to copy filtered resources, i.e. build is platform dependent!
2022-01-23 15:28:39,272 [Worker-4: Building] INFO  o.e.m.c.i.embedder.EclipseLogger - Copying 0 resource
2022-01-23 15:28:40,287 [Worker-24: Building] WARN  o.e.m.c.i.embedder.EclipseLogger - Using platform encoding (Cp1252 actually) to copy filtered resources, i.e. build is platform dependent!
2022-01-23 15:28:40,288 [Worker-24: Building] INFO  o.e.m.c.i.embedder.EclipseLogger - Copying 0 resource
2022-01-23 15:28:40,290 [Worker-24: Building] WARN  o.e.m.c.i.embedder.EclipseLogger - Using platform encoding (Cp1252 actually) to copy filtered resources, i.e. build is platform dependent!
2022-01-23 15:28:40,299 [Worker-24: Building] INFO  o.e.m.c.i.embedder.EclipseLogger - Copying 0 resource
2022-01-23 15:31:55,427 [Worker-24: Building] WARN  o.e.m.c.i.embedder.EclipseLogger - Using platform encoding (Cp1252 actually) to copy filtered resources, i.e. build is platform dependent!
2022-01-23 15:31:55,429 [Worker-24: Building] INFO  o.e.m.c.i.embedder.EclipseLogger - Copying 0 resource
2022-01-23 15:31:55,436 [Worker-24: Building] WARN  o.e.m.c.i.embedder.EclipseLogger - Using platform encoding (Cp1252 actually) to copy filtered resources, i.e. build is platform dependent!
2022-01-23 15:31:55,743 [Worker-24: Building] INFO  o.e.m.c.i.embedder.EclipseLogger - Copying 0 resource
2022-01-23 15:34:24,222 [Worker-4: Building] WARN  o.e.m.c.i.embedder.EclipseLogger - Using platform encoding (Cp1252 actually) to copy filtered resources, i.e. build is platform dependent!
2022-01-23 15:34:24,248 [Worker-4: Building] INFO  o.e.m.c.i.embedder.EclipseLogger - Copying 0 resource
2022-01-23 15:34:24,250 [Worker-4: Building] WARN  o.e.m.c.i.embedder.EclipseLogger - Using platform encoding (Cp1252 actually) to copy filtered resources, i.e. build is platform dependent!
2022-01-23 15:34:24,259 [Worker-4: Building] INFO  o.e.m.c.i.embedder.EclipseLogger - Copying 0 resource
2022-01-23 15:41:30,459 [Worker-25: Creating project "java"] INFO  o.e.m.c.i.l.LifecycleMappingFactory - Using org.eclipse.m2e.jdt.JarLifecycleMapping lifecycle mapping for MavenProject: com.java:java:0.0.1-SNAPSHOT @ F:\clipseprograms\java\pom.xml.
2022-01-23 15:41:30,508 [Worker-25: Creating project "java"] INFO  o.e.m.j.i.AbstractJavaProjectConfigurator - Adding source folder /java/src/main/java
2022-01-23 15:41:30,508 [Worker-25: Creating project "java"] INFO  o.e.m.j.i.AbstractJavaProjectConfigurator - Adding resource folder /java/src/main/resources
2022-01-23 15:41:30,509 [Worker-25: Creating project "java"] INFO  o.e.m.j.i.AbstractJavaProjectConfigurator - Adding source folder /java/src/test/java
2022-01-23 15:41:30,509 [Worker-25: Creating project "java"] INFO  o.e.m.j.i.AbstractJavaProjectConfigurator - Adding resource folder /java/src/test/resources
2022-01-23 15:41:30,877 [Worker-26: Building] WARN  o.e.m.c.i.embedder.EclipseLogger - Using platform encoding (Cp1252 actually) to copy filtered resources, i.e. build is platform dependent!
2022-01-23 15:41:30,888 [Worker-26: Building] INFO  o.e.m.c.i.embedder.EclipseLogger - Copying 0 resource
2022-01-23 15:41:30,895 [Worker-26: Building] WARN  o.e.m.c.i.embedder.EclipseLogger - Using platform encoding (Cp1252 actually) to copy filtered resources, i.e. build is platform dependent!
2022-01-23 15:41:30,898 [Worker-26: Building] INFO  o.e.m.c.i.embedder.EclipseLogger - Copying 0 resource
2022-01-23 15:43:49,911 [Worker-3: Building] WARN  o.e.m.c.i.embedder.EclipseLogger - Using platform encoding (Cp1252 actually) to copy filtered resources, i.e. build is platform dependent!
2022-01-23 15:43:49,913 [Worker-3: Building] INFO  o.e.m.c.i.embedder.EclipseLogger - Copying 0 resource
2022-01-23 15:43:49,916 [Worker-3: Building] WARN  o.e.m.c.i.embedder.EclipseLogger - Using platform encoding (Cp1252 actually) to copy filtered resources, i.e. build is platform dependent!
2022-01-23 15:43:49,918 [Worker-3: Building] INFO  o.e.m.c.i.embedder.EclipseLogger - Copying 0 resource
